CRITICAL - 2022-11-08 07:26:54 --> Too few arguments to function App\Entities\siswa::getPhoto(), 0 passed in E:\project\perpustakaan\vendor\codeigniter4\framework\system\Entity\Entity.php on line 491 and exactly 1 expected
in APPPATH\Entities\Siswa.php on line 9.
 1 SYSTEMPATH\Entity\Entity.php(491): App\Entities\siswa->getPhoto()
 2 APPPATH\Controllers\Siswa.php(70): CodeIgniter\Entity\Entity->__get('photo')
 3 SYSTEMPATH\CodeIgniter.php(902): App\Controllers\Siswa->save()
 4 SYSTEMPATH\CodeIgniter.php(457): CodeIgniter\CodeIgniter->runController(Object(App\Controllers\Siswa))
 5 SYSTEMPATH\CodeIgniter.php(340): CodeIgniter\CodeIgniter->handleRequest(null, Object(Config\Cache), false)
 6 FCPATH\index.php(67): CodeIgniter\CodeIgniter->run()
 7 SYSTEMPATH\Commands\Server\rewrite.php(46): require_once('FCPATH\\index.php')
CRITICAL - 2022-11-08 07:27:39 --> Call to a member function getError() on array
in APPPATH\Entities\Siswa.php on line 11.
 1 SYSTEMPATH\Entity\Entity.php(451): App\Entities\siswa->setPhoto([...])
 2 APPPATH\Controllers\Siswa.php(69): CodeIgniter\Entity\Entity->__set('photo', [...])
 3 SYSTEMPATH\CodeIgniter.php(902): App\Controllers\Siswa->save()
 4 SYSTEMPATH\CodeIgniter.php(457): CodeIgniter\CodeIgniter->runController(Object(App\Controllers\Siswa))
 5 SYSTEMPATH\CodeIgniter.php(340): CodeIgniter\CodeIgniter->handleRequest(null, Object(Config\Cache), false)
 6 FCPATH\index.php(67): CodeIgniter\CodeIgniter->run()
 7 SYSTEMPATH\Commands\Server\rewrite.php(46): require_once('FCPATH\\index.php')
CRITICAL - 2022-11-08 19:21:24 --> Invalid max_size parameter: "photo.1024"
in SYSTEMPATH\Validation\FileRules.php on line 88.
 1 SYSTEMPATH\Validation\Validation.php(315): CodeIgniter\Validation\FileRules->max_size(null, 'photo.1024', [...], null, 'photo')
 2 SYSTEMPATH\Validation\Validation.php(175): CodeIgniter\Validation\Validation->processRules('photo', 'photo', null, [...], [...])
 3 SYSTEMPATH\Controller.php(140): CodeIgniter\Validation\Validation->run()
 4 APPPATH\Controllers\Siswa.php(70): CodeIgniter\Controller->validate([...])
 5 SYSTEMPATH\CodeIgniter.php(902): App\Controllers\Siswa->save()
 6 SYSTEMPATH\CodeIgniter.php(457): CodeIgniter\CodeIgniter->runController(Object(App\Controllers\Siswa))
 7 SYSTEMPATH\CodeIgniter.php(340): CodeIgniter\CodeIgniter->handleRequest(null, Object(Config\Cache), false)
 8 FCPATH\index.php(67): CodeIgniter\CodeIgniter->run()
 9 SYSTEMPATH\Commands\Server\rewrite.php(46): require_once('FCPATH\\index.php')
