CRITICAL - 2022-11-06 20:26:33 --> Undefined property: CodeIgniter\View\View::$validation
in APPPATH\Views\Siswa\create.php on line 10.
 1 APPPATH\Views\Siswa\create.php(10): CodeIgniter\Debug\Exceptions->errorHandler(8, 'Undefined property: CodeIgniter\\View\\View::$validation', 'APPPATH\\Views\\Siswa\\create.php', 10, [...])
 2 SYSTEMPATH\View\View.php(213): include('APPPATH\\Views\\Siswa\\create.php')
 3 SYSTEMPATH\View\View.php(216): CodeIgniter\View\View->CodeIgniter\View\{closure}()
 4 SYSTEMPATH\Common.php(1142): CodeIgniter\View\View->render('siswa/create', [], true)
 5 APPPATH\Controllers\Siswa.php(33): view('siswa/create', [...])
 6 SYSTEMPATH\CodeIgniter.php(902): App\Controllers\Siswa->create()
 7 SYSTEMPATH\CodeIgniter.php(457): CodeIgniter\CodeIgniter->runController(Object(App\Controllers\Siswa))
 8 SYSTEMPATH\CodeIgniter.php(340): CodeIgniter\CodeIgniter->handleRequest(null, Object(Config\Cache), false)
 9 FCPATH\index.php(67): CodeIgniter\CodeIgniter->run()
10 SYSTEMPATH\Commands\Server\rewrite.php(46): require_once('FCPATH\\index.php')
CRITICAL - 2022-11-06 20:27:03 --> Undefined variable: validation
in APPPATH\Views\Siswa\create.php on line 10.
 1 APPPATH\Views\Siswa\create.php(10): CodeIgniter\Debug\Exceptions->errorHandler(8, 'Undefined variable: validation', 'APPPATH\\Views\\Siswa\\create.php', 10, [...])
 2 SYSTEMPATH\View\View.php(213): include('APPPATH\\Views\\Siswa\\create.php')
 3 SYSTEMPATH\View\View.php(216): CodeIgniter\View\View->CodeIgniter\View\{closure}()
 4 SYSTEMPATH\Common.php(1142): CodeIgniter\View\View->render('siswa/create', [], true)
 5 APPPATH\Controllers\Siswa.php(33): view('siswa/create', [...])
 6 SYSTEMPATH\CodeIgniter.php(902): App\Controllers\Siswa->create()
 7 SYSTEMPATH\CodeIgniter.php(457): CodeIgniter\CodeIgniter->runController(Object(App\Controllers\Siswa))
 8 SYSTEMPATH\CodeIgniter.php(340): CodeIgniter\CodeIgniter->handleRequest(null, Object(Config\Cache), false)
 9 FCPATH\index.php(67): CodeIgniter\CodeIgniter->run()
10 SYSTEMPATH\Commands\Server\rewrite.php(46): require_once('FCPATH\\index.php')
CRITICAL - 2022-11-06 20:51:05 --> Cannot use object of type App\Entities\siswa as array
in APPPATH\Views\Siswa\index.php on line 21.
 1 SYSTEMPATH\View\View.php(213): include()
 2 SYSTEMPATH\View\View.php(216): CodeIgniter\View\View->CodeIgniter\View\{closure}()
 3 SYSTEMPATH\Common.php(1142): CodeIgniter\View\View->render('siswa/index', [], true)
 4 APPPATH\Controllers\Siswa.php(22): view('siswa/index', [...])
 5 SYSTEMPATH\CodeIgniter.php(902): App\Controllers\Siswa->index()
 6 SYSTEMPATH\CodeIgniter.php(457): CodeIgniter\CodeIgniter->runController(Object(App\Controllers\Siswa))
 7 SYSTEMPATH\CodeIgniter.php(340): CodeIgniter\CodeIgniter->handleRequest(null, Object(Config\Cache), false)
 8 FCPATH\index.php(67): CodeIgniter\CodeIgniter->run()
 9 SYSTEMPATH\Commands\Server\rewrite.php(46): require_once('FCPATH\\index.php')
CRITICAL - 2022-11-06 20:54:17 --> Cannot use object of type App\Entities\siswa as array
in APPPATH\Views\Siswa\index.php on line 22.
 1 SYSTEMPATH\View\View.php(213): include()
 2 SYSTEMPATH\View\View.php(216): CodeIgniter\View\View->CodeIgniter\View\{closure}()
 3 SYSTEMPATH\Common.php(1142): CodeIgniter\View\View->render('siswa/index', [], true)
 4 APPPATH\Controllers\Siswa.php(23): view('siswa/index', [...])
 5 SYSTEMPATH\CodeIgniter.php(902): App\Controllers\Siswa->index()
 6 SYSTEMPATH\CodeIgniter.php(457): CodeIgniter\CodeIgniter->runController(Object(App\Controllers\Siswa))
 7 SYSTEMPATH\CodeIgniter.php(340): CodeIgniter\CodeIgniter->handleRequest(null, Object(Config\Cache), false)
 8 FCPATH\index.php(67): CodeIgniter\CodeIgniter->run()
 9 SYSTEMPATH\Commands\Server\rewrite.php(46): require_once('FCPATH\\index.php')
